<?xml version="1.0" encoding="UTF-8"?>
<coverage generated="1736237563980" clover="3.2.0">
  <project timestamp="1736237563980" name="All files">
    <metrics statements="18" coveredstatements="15" conditionals="0" coveredconditionals="0" methods="12" coveredmethods="10" elements="30" coveredelements="25" complexity="0" loc="18" ncloc="18" packages="2" files="7" classes="7"/>
    <package name="app">
      <metrics statements="12" coveredstatements="9" conditionals="0" coveredconditionals="0" methods="10" coveredmethods="8"/>
      <file name="User.tsx" path="C:\Users\AkshitaThakur\OneDrive - Technossus LLC\Desktop\React-Native\UnitTesting\app\User.tsx">
        <metrics statements="2" coveredstatements="0" conditionals="0" coveredconditionals="0" methods="1" coveredmethods="0"/>
        <line num="5" count="0" type="stmt"/>
        <line num="6" count="0" type="stmt"/>
      </file>
      <file name="_layout.tsx" path="C:\Users\AkshitaThakur\OneDrive - Technossus LLC\Desktop\React-Native\UnitTesting\app\_layout.tsx">
        <metrics statements="1" coveredstatements="0" conditionals="0" coveredconditionals="0" methods="1" coveredmethods="0"/>
        <line num="4" count="0" type="stmt"/>
      </file>
      <file name="events.tsx" path="C:\Users\AkshitaThakur\OneDrive - Technossus LLC\Desktop\React-Native\UnitTesting\app\events.tsx">
        <metrics statements="5" coveredstatements="5" conditionals="0" coveredconditionals="0" methods="5" coveredmethods="5"/>
        <line num="5" count="1" type="stmt"/>
        <line num="6" count="4" type="stmt"/>
        <line num="7" count="4" type="stmt"/>
        <line num="13" count="1" type="stmt"/>
        <line num="17" count="1" type="stmt"/>
      </file>
      <file name="index.tsx" path="C:\Users\AkshitaThakur\OneDrive - Technossus LLC\Desktop\React-Native\UnitTesting\app\index.tsx">
        <metrics statements="2" coveredstatements="2" conditionals="0" coveredconditionals="0" methods="2" coveredmethods="2"/>
        <line num="5" count="6" type="stmt"/>
        <line num="20" count="1" type="stmt"/>
      </file>
      <file name="sum.ts" path="C:\Users\AkshitaThakur\OneDrive - Technossus LLC\Desktop\React-Native\UnitTesting\app\sum.ts">
        <metrics statements="2" coveredstatements="2" conditionals="0" coveredconditionals="0" methods="1" coveredmethods="1"/>
        <line num="1" count="1" type="stmt"/>
        <line num="2" count="2" type="stmt"/>
      </file>
    </package>
    <package name="component">
      <metrics statements="6" coveredstatements="6" conditionals="0" coveredconditionals="0" methods="2" coveredmethods="2"/>
      <file name="API.tsx" path="C:\Users\AkshitaThakur\OneDrive - Technossus LLC\Desktop\React-Native\UnitTesting\component\API.tsx">
        <metrics statements="4" coveredstatements="4" conditionals="0" coveredconditionals="0" methods="1" coveredmethods="1"/>
        <line num="1" count="1" type="stmt"/>
        <line num="4" count="1" type="stmt"/>
        <line num="5" count="1" type="stmt"/>
        <line num="8" count="1" type="stmt"/>
      </file>
      <file name="Insert.tsx" path="C:\Users\AkshitaThakur\OneDrive - Technossus LLC\Desktop\React-Native\UnitTesting\component\Insert.tsx">
        <metrics statements="2" coveredstatements="2" conditionals="0" coveredconditionals="0" methods="1" coveredmethods="1"/>
        <line num="6" count="1" type="stmt"/>
        <line num="7" count="2" type="stmt"/>
      </file>
    </package>
  </project>
</coverage>
