{"C:\\Users\\AkshitaThakur\\OneDrive - Technossus LLC\\Desktop\\React-Native\\UnitTesting\\app\\User.tsx": {"path":"C:\\Users\\AkshitaThakur\\OneDrive - Technossus LLC\\Desktop\\React-Native\\UnitTesting\\app\\User.tsx","statementMap":{"0":{"start":{"line":5,"column":13},"end":{"line":12,"column":1}},"1":{"start":{"line":6,"column":2},"end":{"line":11,"column":4}}},"fnMap":{"0":{"name":"(anonymous_0)","decl":{"start":{"line":5,"column":13},"end":{"line":5,"column":14}},"loc":{"start":{"line":5,"column":19},"end":{"line":12,"column":1}},"line":5}},"branchMap":{},"s":{"0":0,"1":0},"f":{"0":0},"b":{}}
,"C:\\Users\\AkshitaThakur\\OneDrive - Technossus LLC\\Desktop\\React-Native\\UnitTesting\\app\\_layout.tsx": {"path":"C:\\Users\\AkshitaThakur\\OneDrive - Technossus LLC\\Desktop\\React-Native\\UnitTesting\\app\\_layout.tsx","statementMap":{"0":{"start":{"line":4,"column":2},"end":{"line":4,"column":19}}},"fnMap":{"0":{"name":"RootLayout","decl":{"start":{"line":3,"column":24},"end":{"line":3,"column":34}},"loc":{"start":{"line":3,"column":37},"end":{"line":5,"column":1}},"line":3}},"branchMap":{},"s":{"0":0},"f":{"0":0},"b":{}}
,"C:\\Users\\AkshitaThakur\\OneDrive - Technossus LLC\\Desktop\\React-Native\\UnitTesting\\app\\events.tsx": {"path":"C:\\Users\\AkshitaThakur\\OneDrive - Technossus LLC\\Desktop\\React-Native\\UnitTesting\\app\\events.tsx","statementMap":{"0":{"start":{"line":5,"column":15},"end":{"line":20,"column":1}},"1":{"start":{"line":6,"column":26},"end":{"line":6,"column":37}},"2":{"start":{"line":7,"column":2},"end":{"line":19,"column":4}},"3":{"start":{"line":13,"column":23},"end":{"line":13,"column":50}},"4":{"start":{"line":13,"column":41},"end":{"line":13,"column":49}},"5":{"start":{"line":17,"column":73},"end":{"line":17,"column":100}},"6":{"start":{"line":17,"column":91},"end":{"line":17,"column":99}}},"fnMap":{"0":{"name":"(anonymous_0)","decl":{"start":{"line":5,"column":15},"end":{"line":5,"column":16}},"loc":{"start":{"line":5,"column":21},"end":{"line":20,"column":1}},"line":5},"1":{"name":"(anonymous_1)","decl":{"start":{"line":13,"column":17},"end":{"line":13,"column":18}},"loc":{"start":{"line":13,"column":23},"end":{"line":13,"column":50}},"line":13},"2":{"name":"(anonymous_2)","decl":{"start":{"line":13,"column":31},"end":{"line":13,"column":32}},"loc":{"start":{"line":13,"column":41},"end":{"line":13,"column":49}},"line":13},"3":{"name":"(anonymous_3)","decl":{"start":{"line":17,"column":67},"end":{"line":17,"column":68}},"loc":{"start":{"line":17,"column":73},"end":{"line":17,"column":100}},"line":17},"4":{"name":"(anonymous_4)","decl":{"start":{"line":17,"column":81},"end":{"line":17,"column":82}},"loc":{"start":{"line":17,"column":91},"end":{"line":17,"column":99}},"line":17}},"branchMap":{},"s":{"0":1,"1":4,"2":4,"3":1,"4":1,"5":1,"6":1},"f":{"0":4,"1":1,"2":1,"3":1,"4":1},"b":{},"_coverageSchema":"1a1c01bbd47fc00a2c39e90264f33305004495a9","hash":"c7353650d019faa657f2970e49c282ae83e32966"}
,"C:\\Users\\AkshitaThakur\\OneDrive - Technossus LLC\\Desktop\\React-Native\\UnitTesting\\app\\index.tsx": {"path":"C:\\Users\\AkshitaThakur\\OneDrive - Technossus LLC\\Desktop\\React-Native\\UnitTesting\\app\\index.tsx","statementMap":{"0":{"start":{"line":5,"column":2},"end":{"line":23,"column":4}},"1":{"start":{"line":20,"column":23},"end":{"line":20,"column":51}}},"fnMap":{"0":{"name":"Index","decl":{"start":{"line":3,"column":24},"end":{"line":3,"column":29}},"loc":{"start":{"line":3,"column":32},"end":{"line":24,"column":1}},"line":3},"1":{"name":"(anonymous_1)","decl":{"start":{"line":20,"column":17},"end":{"line":20,"column":18}},"loc":{"start":{"line":20,"column":23},"end":{"line":20,"column":51}},"line":20}},"branchMap":{},"s":{"0":6,"1":1},"f":{"0":6,"1":1},"b":{},"_coverageSchema":"1a1c01bbd47fc00a2c39e90264f33305004495a9","hash":"4e4376753049f1baf9f5b7b1ba88d92874bd84b2"}
,"C:\\Users\\AkshitaThakur\\OneDrive - Technossus LLC\\Desktop\\React-Native\\UnitTesting\\app\\sum.ts": {"path":"C:\\Users\\AkshitaThakur\\OneDrive - Technossus LLC\\Desktop\\React-Native\\UnitTesting\\app\\sum.ts","statementMap":{"0":{"start":{"line":1,"column":15},"end":{"line":3,"column":1}},"1":{"start":{"line":2,"column":0},"end":{"line":2,"column":11}}},"fnMap":{"0":{"name":"(anonymous_0)","decl":{"start":{"line":1,"column":15},"end":{"line":1,"column":16}},"loc":{"start":{"line":1,"column":37},"end":{"line":3,"column":1}},"line":1}},"branchMap":{},"s":{"0":1,"1":2},"f":{"0":2},"b":{},"_coverageSchema":"1a1c01bbd47fc00a2c39e90264f33305004495a9","hash":"1f687e36d80792021a250c0bafff7dfeff53fabe"}
,"C:\\Users\\AkshitaThakur\\OneDrive - Technossus LLC\\Desktop\\React-Native\\UnitTesting\\component\\API.tsx": {"path":"C:\\Users\\AkshitaThakur\\OneDrive - Technossus LLC\\Desktop\\React-Native\\UnitTesting\\component\\API.tsx","statementMap":{"0":{"start":{"line":1,"column":14},"end":{"line":1,"column":30}},"1":{"start":{"line":4,"column":19},"end":{"line":4,"column":81}},"2":{"start":{"line":5,"column":2},"end":{"line":5,"column":32}},"3":{"start":{"line":8,"column":0},"end":{"line":8,"column":36}}},"fnMap":{"0":{"name":"getFirstAlbumTitle","decl":{"start":{"line":3,"column":15},"end":{"line":3,"column":33}},"loc":{"start":{"line":3,"column":36},"end":{"line":6,"column":1}},"line":3}},"branchMap":{},"s":{"0":1,"1":1,"2":1,"3":1},"f":{"0":1},"b":{},"_coverageSchema":"1a1c01bbd47fc00a2c39e90264f33305004495a9","hash":"f2d27e9920b6100e67b68fb6f73605d08da7cd5c"}
,"C:\\Users\\AkshitaThakur\\OneDrive - Technossus LLC\\Desktop\\React-Native\\UnitTesting\\component\\Insert.tsx": {"path":"C:\\Users\\AkshitaThakur\\OneDrive - Technossus LLC\\Desktop\\React-Native\\UnitTesting\\component\\Insert.tsx","statementMap":{"0":{"start":{"line":6,"column":31},"end":{"line":13,"column":1}},"1":{"start":{"line":7,"column":2},"end":{"line":12,"column":4}}},"fnMap":{"0":{"name":"(anonymous_0)","decl":{"start":{"line":6,"column":31},"end":{"line":6,"column":32}},"loc":{"start":{"line":6,"column":45},"end":{"line":13,"column":1}},"line":6}},"branchMap":{},"s":{"0":1,"1":2},"f":{"0":2},"b":{},"_coverageSchema":"1a1c01bbd47fc00a2c39e90264f33305004495a9","hash":"c9ebd5ef58235f35a4071d8534880026f7960050"}
}
