TN:
SF:app\User.tsx
FN:5,(anonymous_0)
FNF:1
FNH:0
FNDA:0,(anonymous_0)
DA:5,0
DA:6,0
LF:2
LH:0
BRF:0
BRH:0
end_of_record
TN:
SF:app\_layout.tsx
FN:3,RootLayout
FNF:1
FNH:0
FNDA:0,RootLayout
DA:4,0
LF:1
LH:0
BRF:0
BRH:0
end_of_record
TN:
SF:app\events.tsx
FN:5,(anonymous_0)
FN:13,(anonymous_1)
FN:13,(anonymous_2)
FN:17,(anonymous_3)
FN:17,(anonymous_4)
FNF:5
FNH:5
FNDA:4,(anonymous_0)
FNDA:1,(anonymous_1)
FNDA:1,(anonymous_2)
FNDA:1,(anonymous_3)
FNDA:1,(anonymous_4)
DA:5,1
DA:6,4
DA:7,4
DA:13,1
DA:17,1
LF:5
LH:5
BRF:0
BRH:0
end_of_record
TN:
SF:app\index.tsx
FN:3,Index
FN:20,(anonymous_1)
FNF:2
FNH:2
FNDA:6,Index
FNDA:1,(anonymous_1)
DA:5,6
DA:20,1
LF:2
LH:2
BRF:0
BRH:0
end_of_record
TN:
SF:app\sum.ts
FN:1,(anonymous_0)
FNF:1
FNH:1
FNDA:2,(anonymous_0)
DA:1,1
DA:2,2
LF:2
LH:2
BRF:0
BRH:0
end_of_record
TN:
SF:component\API.tsx
FN:3,getFirstAlbumTitle
FNF:1
FNH:1
FNDA:1,getFirstAlbumTitle
DA:1,1
DA:4,1
DA:5,1
DA:8,1
LF:4
LH:4
BRF:0
BRH:0
end_of_record
TN:
SF:component\Insert.tsx
FN:6,(anonymous_0)
FNF:1
FNH:1
FNDA:2,(anonymous_0)
DA:6,1
DA:7,2
LF:2
LH:2
BRF:0
BRH:0
end_of_record
